2025-08-19 16:37:15,730 - INFO - Создание нового состояния сенсора
2025-08-19 16:37:15,756 - INFO - Secure генератор инициализирован для сенсора GLU-6F60C3CB95B2
2025-08-19 16:37:15,756 - INFO - Текущий nonce: 1000
2025-08-19 16:37:15,756 - INFO - Nonce window: 1000 - 2000
2025-08-19 16:37:43,731 - INFO - Создание нового состояния сенсора
2025-08-19 16:37:43,732 - INFO - Secure генератор инициализирован для сенсора GLU-6F60C3CB95B2
2025-08-19 16:37:43,732 - INFO - Текущий nonce: 1000
2025-08-19 16:37:43,732 - INFO - Nonce window: 1000 - 2000
2025-08-19 16:37:50,381 - INFO - Создание нового состояния сенсора
2025-08-19 16:37:50,382 - INFO - Secure генератор инициализирован для сенсора GLU-6F60C3CB95B2
2025-08-19 16:37:50,382 - INFO - Текущий nonce: 1000
2025-08-19 16:37:50,382 - INFO - Nonce window: 1000 - 2000
2025-08-19 16:37:50,383 - INFO - Синхронизация с сервером...
2025-08-19 16:37:52,514 - INFO - Синхронизация успешна
2025-08-19 16:37:52,755 - INFO - Состояние сенсора восстановлено из файла
2025-08-19 16:37:52,756 - INFO - Secure генератор инициализирован для сенсора GLU-6F60C3CB95B2
2025-08-19 16:37:52,756 - INFO - Текущий nonce: 1000
2025-08-19 16:37:52,756 - INFO - Nonce window: 1000 - 2000
2025-08-19 16:38:37,133 - INFO - Состояние сенсора восстановлено из файла
2025-08-19 16:38:37,133 - INFO - Secure генератор инициализирован для сенсора GLU-6F60C3CB95B2
2025-08-19 16:38:37,133 - INFO - Текущий nonce: 1000
2025-08-19 16:38:37,134 - INFO - Nonce window: 1000 - 2000
2025-08-19 16:38:37,134 - INFO - [START] Запуск безопасного генератора данных глюкозы
2025-08-19 16:38:37,134 - INFO - [CONFIG] Интервал измерений: 2 минут
2025-08-19 16:38:37,134 - INFO - [SENSOR] Сенсор: GLU-6F60C3CB95B2
2025-08-19 16:38:37,134 - INFO - [API] API: http://localhost:8006/api/v1
2025-08-19 16:38:37,144 - INFO - Измерение: 12.0 mmol/L (сохранено локально)
2025-08-19 16:38:39,326 - INFO - Найдено 1 неотправленных измерений
2025-08-19 16:38:39,372 - INFO - Отправка batch из 1 измерений...
2025-08-19 16:38:39,446 - INFO - [SUCCESS] Batch отправлен: 0/1 измерений
2025-08-19 16:38:39,456 - INFO - Накопленные данные отправлены
2025-08-19 16:38:39,456 - INFO - [WAIT] Ожидание 2 минут до следующего измерения...
2025-08-19 16:39:30,013 - INFO - Получен сигнал остановки
2025-08-19 16:39:30,013 - INFO - Состояние сохранено
2025-08-19 16:39:32,128 - INFO - Состояние сенсора восстановлено из файла
2025-08-19 16:39:32,128 - INFO - Secure генератор инициализирован для сенсора GLU-6F60C3CB95B2
2025-08-19 16:39:32,129 - INFO - Текущий nonce: 1001
2025-08-19 16:39:32,129 - INFO - Nonce window: 1000 - 2000
2025-08-19 16:39:32,129 - INFO - [START] Запуск безопасного генератора данных глюкозы
2025-08-19 16:39:32,129 - INFO - [CONFIG] Интервал измерений: 2 минут
2025-08-19 16:39:32,129 - INFO - [SENSOR] Сенсор: GLU-6F60C3CB95B2
2025-08-19 16:39:32,129 - INFO - [API] API: http://localhost:8006/api/v1
2025-08-19 16:39:32,137 - INFO - Измерение: 3.8 mmol/L (сохранено локально)
2025-08-19 16:39:34,269 - INFO - Найдено 1 неотправленных измерений
2025-08-19 16:39:34,314 - INFO - Отправка batch из 1 измерений...
2025-08-19 16:39:34,365 - INFO - [SUCCESS] Batch отправлен: 0/1 измерений
2025-08-19 16:39:34,374 - INFO - Накопленные данные отправлены
2025-08-19 16:39:34,374 - INFO - [WAIT] Ожидание 2 минут до следующего измерения...
2025-08-19 16:41:34,388 - INFO - Измерение: 3.5 mmol/L (сохранено локально)
2025-08-19 16:41:36,492 - INFO - Найдено 1 неотправленных измерений
2025-08-19 16:41:36,493 - INFO - Отправка batch из 1 измерений...
2025-08-19 16:41:36,587 - INFO - [SUCCESS] Batch отправлен: 1/1 измерений
2025-08-19 16:41:36,596 - INFO - Накопленные данные отправлены
2025-08-19 16:41:36,596 - INFO - [WAIT] Ожидание 2 минут до следующего измерения...
2025-08-19 16:42:18,382 - INFO - Получен сигнал остановки
2025-08-19 16:42:18,383 - INFO - Состояние сохранено
2025-08-19 16:42:20,572 - INFO - Состояние сенсора восстановлено из файла
2025-08-19 16:42:20,573 - INFO - Secure генератор инициализирован для сенсора GLU-6F60C3CB95B2
2025-08-19 16:42:20,573 - INFO - Текущий nonce: 1003
2025-08-19 16:42:20,573 - INFO - Nonce window: 1000 - 2000
2025-08-19 16:42:20,573 - INFO - [START] Запуск безопасного генератора данных глюкозы
2025-08-19 16:42:20,573 - INFO - [CONFIG] Интервал измерений: 2 минут
2025-08-19 16:42:20,573 - INFO - [SENSOR] Сенсор: GLU-6F60C3CB95B2
2025-08-19 16:42:20,573 - INFO - [API] API: http://localhost:8006/api/v1
2025-08-19 16:42:20,585 - INFO - Измерение: 13.9 mmol/L (сохранено локально)
2025-08-19 16:42:22,701 - INFO - Найдено 1 неотправленных измерений
2025-08-19 16:42:22,749 - INFO - Отправка batch из 1 измерений...
2025-08-19 16:42:22,839 - INFO - [SUCCESS] Batch отправлен: 1/1 измерений
2025-08-19 16:42:22,849 - INFO - Накопленные данные отправлены
2025-08-19 16:42:22,849 - INFO - [WAIT] Ожидание 2 минут до следующего измерения...
2025-08-19 16:42:40,169 - INFO - Получен сигнал остановки
2025-08-19 16:42:40,169 - INFO - Состояние сохранено
2025-08-19 16:42:42,226 - INFO - Состояние сенсора восстановлено из файла
2025-08-19 16:42:42,226 - INFO - Secure генератор инициализирован для сенсора GLU-6F60C3CB95B2
2025-08-19 16:42:42,226 - INFO - Текущий nonce: 1004
2025-08-19 16:42:42,226 - INFO - Nonce window: 1000 - 2000
2025-08-19 16:42:42,227 - INFO - [START] Запуск безопасного генератора данных глюкозы
2025-08-19 16:42:42,227 - INFO - [CONFIG] Интервал измерений: 2 минут
2025-08-19 16:42:42,227 - INFO - [SENSOR] Сенсор: GLU-6F60C3CB95B2
2025-08-19 16:42:42,227 - INFO - [API] API: http://localhost:8006/api/v1
2025-08-19 16:42:42,235 - INFO - Измерение: 5.2 mmol/L (сохранено локально)
2025-08-19 16:42:44,326 - INFO - Найдено 1 неотправленных измерений
2025-08-19 16:42:44,385 - INFO - Отправка batch из 1 измерений...
2025-08-19 16:42:44,447 - INFO - [SUCCESS] Batch отправлен: 1/1 измерений
2025-08-19 16:42:44,456 - INFO - Накопленные данные отправлены
2025-08-19 16:42:44,457 - INFO - [WAIT] Ожидание 2 минут до следующего измерения...
2025-08-19 16:42:51,291 - INFO - Получен сигнал остановки
2025-08-19 16:42:51,291 - INFO - Состояние сохранено
2025-08-19 16:43:12,831 - INFO - Состояние сенсора восстановлено из файла
2025-08-19 16:43:12,832 - INFO - Secure генератор инициализирован для сенсора GLU-6F60C3CB95B2
2025-08-19 16:43:12,832 - INFO - Текущий nonce: 1005
2025-08-19 16:43:12,832 - INFO - Nonce window: 1000 - 2000
2025-08-19 16:43:19,280 - INFO - Состояние сенсора восстановлено из файла
2025-08-19 16:43:19,281 - INFO - Secure генератор инициализирован для сенсора GLU-6F60C3CB95B2
2025-08-19 16:43:19,281 - INFO - Текущий nonce: 1005
2025-08-19 16:43:19,281 - INFO - Nonce window: 1000 - 2000
2025-08-19 16:43:24,560 - INFO - Состояние сенсора восстановлено из файла
2025-08-19 16:43:24,561 - INFO - Secure генератор инициализирован для сенсора GLU-6F60C3CB95B2
2025-08-19 16:43:24,561 - INFO - Текущий nonce: 1005
2025-08-19 16:43:24,561 - INFO - Nonce window: 1000 - 2000
2025-08-19 16:43:32,907 - INFO - Состояние сенсора восстановлено из файла
2025-08-19 16:43:32,907 - INFO - Secure генератор инициализирован для сенсора GLU-6F60C3CB95B2
2025-08-19 16:43:32,907 - INFO - Текущий nonce: 1005
2025-08-19 16:43:32,908 - INFO - Nonce window: 1000 - 2000
2025-08-19 16:43:32,908 - INFO - [START] Запуск безопасного генератора данных глюкозы
2025-08-19 16:43:32,908 - INFO - [CONFIG] Интервал измерений: 2 минут
2025-08-19 16:43:32,908 - INFO - [SENSOR] Сенсор: GLU-6F60C3CB95B2
2025-08-19 16:43:32,908 - INFO - [API] API: http://localhost:8006/api/v1
2025-08-19 16:43:32,916 - INFO - Измерение: 13.6 mmol/L (сохранено локально)
2025-08-19 16:43:35,020 - INFO - Найдено 1 неотправленных измерений
2025-08-19 16:43:35,064 - INFO - Отправка batch из 1 измерений...
2025-08-19 16:43:35,220 - INFO - [SUCCESS] Batch отправлен: 1/1 измерений
2025-08-19 16:43:35,229 - INFO - Накопленные данные отправлены
2025-08-19 16:43:35,229 - INFO - [WAIT] Ожидание 2 минут до следующего измерения...
2025-08-19 16:45:35,251 - INFO - Измерение: 5.9 mmol/L (сохранено локально)
2025-08-19 16:45:35,319 - INFO - Найдено 1 неотправленных измерений
2025-08-19 16:45:35,320 - INFO - Отправка batch из 1 измерений...
2025-08-19 16:45:35,667 - INFO - Состояние сенсора восстановлено из файла
2025-08-19 16:45:35,668 - INFO - Secure генератор инициализирован для сенсора GLU-6F60C3CB95B2
2025-08-19 16:45:35,669 - INFO - Текущий nonce: 1007
2025-08-19 16:45:35,669 - INFO - Nonce window: 1000 - 2000
2025-08-19 16:46:06,021 - INFO - Состояние сенсора восстановлено из файла
2025-08-19 16:46:06,021 - INFO - Secure генератор инициализирован для сенсора GLU-6F60C3CB95B2
2025-08-19 16:46:06,021 - INFO - Текущий nonce: 1007
2025-08-19 16:46:06,022 - INFO - Nonce window: 1000 - 2000
2025-08-19 16:46:06,022 - INFO - [START] Запуск безопасного генератора данных глюкозы
2025-08-19 16:46:06,022 - INFO - [CONFIG] Интервал измерений: 2 минут
2025-08-19 16:46:06,022 - INFO - [SENSOR] Сенсор: GLU-6F60C3CB95B2
2025-08-19 16:46:06,022 - INFO - [API] API: http://localhost:8006/api/v1
2025-08-19 16:46:06,030 - INFO - Измерение: 5.1 mmol/L (сохранено локально)
2025-08-19 16:46:08,216 - INFO - Найдено 2 неотправленных измерений
2025-08-19 16:46:08,262 - INFO - Отправка batch из 2 измерений...
2025-08-19 16:46:08,320 - INFO - [SUCCESS] Batch отправлен: 2/2 измерений
2025-08-19 16:46:08,329 - INFO - Накопленные данные отправлены
2025-08-19 16:46:08,330 - INFO - [WAIT] Ожидание 2 минут до следующего измерения...
2025-08-19 16:46:14,754 - INFO - Получен сигнал остановки
2025-08-19 16:46:14,754 - INFO - Состояние сохранено
2025-08-19 16:46:55,351 - INFO - Создание нового состояния сенсора
2025-08-19 16:46:55,365 - INFO - Secure генератор инициализирован для сенсора GLU-6F60C3CB95B2
2025-08-19 16:46:55,365 - INFO - Текущий nonce: 1000
2025-08-19 16:46:55,365 - INFO - Nonce window: 1000 - 2000
2025-08-19 16:46:55,365 - INFO - [START] Запуск безопасного генератора данных глюкозы
2025-08-19 16:46:55,365 - INFO - [CONFIG] Интервал измерений: 2 минут
2025-08-19 16:46:55,365 - INFO - [SENSOR] Сенсор: GLU-6F60C3CB95B2
2025-08-19 16:46:55,365 - INFO - [API] API: http://localhost:8006/api/v1
2025-08-19 16:46:55,375 - INFO - Измерение: 5.1 mmol/L (сохранено локально)
2025-08-19 16:46:57,470 - INFO - Найдено 1 неотправленных измерений
2025-08-19 16:46:57,517 - INFO - Отправка batch из 1 измерений...
2025-08-19 16:46:57,683 - ERROR - [ERROR] Ошибка отправки batch: 401 - {"error":"Invalid nonce: Nonce already used"}
2025-08-19 16:46:57,683 - WARNING - Не удалось отправить накопленные данные
2025-08-19 16:46:57,683 - INFO - [WAIT] Ожидание 2 минут до следующего измерения...
2025-08-19 16:47:05,744 - INFO - Получен сигнал остановки
2025-08-19 16:47:05,744 - INFO - Состояние сохранено
2025-08-19 16:47:15,027 - INFO - Состояние сенсора восстановлено из файла
2025-08-19 16:47:15,029 - INFO - Secure генератор инициализирован для сенсора GLU-6F60C3CB95B2
2025-08-19 16:47:15,030 - INFO - Текущий nonce: 1001
2025-08-19 16:47:15,030 - INFO - Nonce window: 1000 - 2000
2025-08-19 16:47:15,030 - INFO - Синхронизация с сервером...
2025-08-19 16:47:17,151 - INFO - Синхронизация успешна
2025-08-19 16:47:17,406 - INFO - Состояние сенсора восстановлено из файла
2025-08-19 16:47:17,406 - INFO - Secure генератор инициализирован для сенсора GLU-6F60C3CB95B2
2025-08-19 16:47:17,407 - INFO - Текущий nonce: 1000
2025-08-19 16:47:17,407 - INFO - Nonce window: 1000 - 2000
2025-08-19 16:47:26,705 - INFO - Состояние сенсора восстановлено из файла
2025-08-19 16:47:26,706 - INFO - Secure генератор инициализирован для сенсора GLU-6F60C3CB95B2
2025-08-19 16:47:26,706 - INFO - Текущий nonce: 1000
2025-08-19 16:47:26,706 - INFO - Nonce window: 1000 - 2000
2025-08-19 16:47:26,706 - INFO - [TEST] Отправка тестовых данных...
2025-08-19 16:47:26,707 - INFO - Синхронизация с сервером...
2025-08-19 16:47:28,807 - INFO - Синхронизация успешна
2025-08-19 16:47:28,807 - INFO - Синхронизация перед тестом успешна
2025-08-19 16:47:28,820 - INFO - Тестовое измерение сохранено: 4.5 mmol/L
2025-08-19 16:47:29,862 - INFO - Тестовое измерение сохранено: 6.2 mmol/L
2025-08-19 16:47:30,881 - INFO - Тестовое измерение сохранено: 8.1 mmol/L
2025-08-19 16:47:31,903 - INFO - Тестовое измерение сохранено: 3.8 mmol/L
2025-08-19 16:47:32,916 - INFO - Тестовое измерение сохранено: 12.5 mmol/L
2025-08-19 16:47:33,970 - INFO - Найдено 3 неотправленных измерений
2025-08-19 16:47:34,013 - INFO - Отправка batch из 3 измерений...
2025-08-19 16:47:34,063 - ERROR - [ERROR] Ошибка отправки batch: 401 - {"error":"Invalid nonce: Nonce already used"}
2025-08-19 16:47:34,064 - WARNING - Не удалось отправить накопленные данные
2025-08-19 16:47:34,312 - INFO - Состояние сенсора восстановлено из файла
2025-08-19 16:47:34,313 - INFO - Secure генератор инициализирован для сенсора GLU-6F60C3CB95B2
2025-08-19 16:47:34,313 - INFO - Текущий nonce: 1001
2025-08-19 16:47:34,313 - INFO - Nonce window: 1000 - 2000
2025-08-19 16:48:17,717 - INFO - Состояние сенсора восстановлено из файла
2025-08-19 16:48:17,717 - INFO - Secure генератор инициализирован для сенсора GLU-6F60C3CB95B2
2025-08-19 16:48:17,718 - INFO - Текущий nonce: 1001
2025-08-19 16:48:17,718 - INFO - Nonce window: 1000 - 2000
2025-08-19 16:48:17,718 - INFO - [START] Запуск безопасного генератора данных глюкозы
2025-08-19 16:48:17,718 - INFO - [CONFIG] Интервал измерений: 2 минут
2025-08-19 16:48:17,718 - INFO - [SENSOR] Сенсор: GLU-6F60C3CB95B2
2025-08-19 16:48:17,718 - INFO - [API] API: http://localhost:8006/api/v1
2025-08-19 16:48:17,726 - INFO - Измерение: 5.2 mmol/L (сохранено локально)
2025-08-19 16:48:19,844 - INFO - Найдено 3 неотправленных измерений
2025-08-19 16:48:19,889 - INFO - Отправка batch из 3 измерений...
2025-08-19 16:48:19,944 - ERROR - [ERROR] Ошибка отправки batch: 401 - {"error":"Invalid nonce: Nonce already used"}
2025-08-19 16:48:19,944 - WARNING - Не удалось отправить накопленные данные
2025-08-19 16:48:19,944 - INFO - [WAIT] Ожидание 2 минут до следующего измерения...
2025-08-19 16:48:30,326 - INFO - Получен сигнал остановки
2025-08-19 16:48:30,326 - INFO - Состояние сохранено
2025-08-19 16:48:49,653 - INFO - Состояние сенсора восстановлено из файла
2025-08-19 16:48:49,654 - INFO - Secure генератор инициализирован для сенсора GLU-6F60C3CB95B2
2025-08-19 16:48:49,654 - INFO - Текущий nonce: 1002
2025-08-19 16:48:49,654 - INFO - Nonce window: 1000 - 2000
2025-08-19 16:48:49,654 - INFO - [START] Запуск безопасного генератора данных глюкозы
2025-08-19 16:48:49,654 - INFO - [CONFIG] Интервал измерений: 2 минут
2025-08-19 16:48:49,654 - INFO - [SENSOR] Сенсор: GLU-6F60C3CB95B2
2025-08-19 16:48:49,654 - INFO - [API] API: http://localhost:8006/api/v1
2025-08-19 16:48:49,664 - INFO - Измерение: 3.5 mmol/L (сохранено локально)
2025-08-19 16:48:51,774 - INFO - Найдено 3 неотправленных измерений
2025-08-19 16:48:51,820 - INFO - Отправка batch из 3 измерений...
2025-08-19 16:48:51,869 - ERROR - [ERROR] Ошибка отправки batch: 401 - {"error":"Invalid nonce: Nonce already used"}
2025-08-19 16:48:51,869 - WARNING - Не удалось отправить накопленные данные
2025-08-19 16:48:51,869 - INFO - [WAIT] Ожидание 2 минут до следующего измерения...
2025-08-19 16:49:14,349 - INFO - Получен сигнал остановки
2025-08-19 16:49:14,349 - INFO - Состояние сохранено
2025-08-19 16:52:21,846 - INFO - Состояние сенсора восстановлено из файла
2025-08-19 16:52:21,847 - INFO - Secure генератор инициализирован для сенсора GLU-6F60C3CB95B2
2025-08-19 16:52:21,847 - INFO - Текущий nonce: 1003
2025-08-19 16:52:21,847 - INFO - Nonce window: 1000 - 2000
2025-08-19 16:52:23,931 - INFO - Выполняется синхронизация при запуске...
2025-08-19 16:52:23,931 - INFO - Синхронизация с сервером (nonce: 2001)...
2025-08-19 16:52:24,098 - INFO - Новое окно nonce: 2000 - 3000
2025-08-19 16:52:24,098 - INFO - Смещение времени обновлено: -5 сек
2025-08-19 16:52:24,098 - INFO - ✅ Синхронизация успешна
2025-08-19 16:52:24,099 - INFO - ✅ Начальная синхронизация успешна
2025-08-19 16:52:24,099 - INFO - [START] Запуск безопасного генератора данных глюкозы
2025-08-19 16:52:24,099 - INFO - [CONFIG] Интервал измерений: 2 минут
2025-08-19 16:52:24,099 - INFO - [SENSOR] Сенсор: GLU-6F60C3CB95B2
2025-08-19 16:52:24,099 - INFO - [API] API: http://localhost:8006/api/v1
2025-08-19 16:52:24,107 - INFO - Измерение: 5.6 mmol/L (сохранено локально)
2025-08-19 16:52:24,272 - INFO - Найдено 3 неотправленных измерений
2025-08-19 16:52:24,319 - INFO - Отправка batch из 3 измерений...
2025-08-19 16:52:24,376 - INFO - [SUCCESS] Batch отправлен: 3/3 измерений
2025-08-19 16:52:24,388 - INFO - Накопленные данные отправлены
2025-08-19 16:52:24,388 - INFO - [WAIT] Ожидание 2 минут до следующего измерения...
2025-08-19 16:54:24,400 - INFO - Измерение: 5.7 mmol/L (сохранено локально)
2025-08-19 16:54:24,452 - INFO - Синхронизация с сервером (nonce: 3001)...
2025-08-19 16:54:24,505 - INFO - Новое окно nonce: 3000 - 4000
2025-08-19 16:54:24,505 - INFO - Смещение времени обновлено: -5 сек
2025-08-19 16:54:24,506 - INFO - ✅ Синхронизация успешна
2025-08-19 16:54:24,506 - INFO - Синхронизация завершена
2025-08-19 16:54:24,507 - INFO - Найдено 3 неотправленных измерений
2025-08-19 16:54:24,508 - INFO - Отправка batch из 3 измерений...
2025-08-19 16:54:24,561 - INFO - [SUCCESS] Batch отправлен: 3/3 измерений
2025-08-19 16:54:24,571 - INFO - Накопленные данные отправлены
2025-08-19 16:54:24,572 - INFO - [WAIT] Ожидание 2 минут до следующего измерения...
2025-08-19 16:56:24,587 - INFO - Измерение: 6.3 mmol/L (сохранено локально)
2025-08-19 16:56:24,673 - INFO - Синхронизация с сервером (nonce: 4001)...
2025-08-19 16:56:24,754 - INFO - Новое окно nonce: 4000 - 5000
2025-08-19 16:56:24,754 - INFO - Смещение времени обновлено: -5 сек
2025-08-19 16:56:24,755 - INFO - ✅ Синхронизация успешна
2025-08-19 16:56:24,755 - INFO - Синхронизация завершена
2025-08-19 16:56:24,756 - INFO - Найдено 3 неотправленных измерений
2025-08-19 16:56:24,757 - INFO - Отправка batch из 3 измерений...
2025-08-19 16:56:24,871 - INFO - [SUCCESS] Batch отправлен: 3/3 измерений
2025-08-19 16:56:24,885 - INFO - Накопленные данные отправлены
2025-08-19 16:56:24,886 - INFO - [WAIT] Ожидание 2 минут до следующего измерения...
2025-08-19 16:58:24,905 - INFO - Измерение: 7.8 mmol/L (сохранено локально)
2025-08-19 16:58:24,909 - INFO - Нет соединения с сервером
2025-08-19 16:58:24,909 - INFO - [WAIT] Ожидание 2 минут до следующего измерения...
2025-08-19 16:58:29,001 - INFO - Получен сигнал остановки
2025-08-19 16:58:29,002 - INFO - Состояние сохранено
2025-08-19 16:58:29,572 - INFO - Состояние сенсора восстановлено из файла
2025-08-19 16:58:29,573 - INFO - Secure генератор инициализирован для сенсора GLU-6F60C3CB95B2
2025-08-19 16:58:29,573 - INFO - Текущий nonce: 4001
2025-08-19 16:58:29,573 - INFO - Nonce window: 4000 - 5000
2025-08-19 16:58:31,636 - INFO - [START] Запуск безопасного генератора данных глюкозы
2025-08-19 16:58:31,636 - INFO - [CONFIG] Интервал измерений: 2 минут
2025-08-19 16:58:31,636 - INFO - [SENSOR] Сенсор: GLU-6F60C3CB95B2
2025-08-19 16:58:31,636 - INFO - [API] API: http://localhost:8006/api/v1
2025-08-19 16:58:31,645 - INFO - Измерение: 5.9 mmol/L (сохранено локально)
2025-08-19 16:58:31,649 - INFO - Нет соединения с сервером
2025-08-19 16:58:31,649 - INFO - [WAIT] Ожидание 2 минут до следующего измерения...
2025-08-19 16:58:41,667 - INFO - Измерение: 3.8 mmol/L (сохранено локально)
2025-08-19 16:58:41,671 - INFO - Нет соединения с сервером
2025-08-19 16:58:41,671 - INFO - [WAIT] Ожидание 2 минут до следующего измерения...
2025-08-19 16:58:51,685 - INFO - Измерение: 3.1 mmol/L (сохранено локально)
2025-08-19 16:58:51,689 - INFO - Нет соединения с сервером
2025-08-19 16:58:51,689 - INFO - [WAIT] Ожидание 2 минут до следующего измерения...
2025-08-19 16:58:59,327 - INFO - Получен сигнал остановки
2025-08-19 16:58:59,328 - INFO - Состояние сохранено
2025-08-19 16:58:59,874 - INFO - Состояние сенсора восстановлено из файла
2025-08-19 16:58:59,875 - INFO - Secure генератор инициализирован для сенсора GLU-6F60C3CB95B2
2025-08-19 16:58:59,875 - INFO - Текущий nonce: 4001
2025-08-19 16:58:59,875 - INFO - Nonce window: 4000 - 5000
2025-08-19 16:59:01,925 - INFO - [START] Запуск безопасного генератора данных глюкозы
2025-08-19 16:59:01,925 - INFO - [CONFIG] Интервал измерений: 2 минут
2025-08-19 16:59:01,925 - INFO - [SENSOR] Сенсор: GLU-6F60C3CB95B2
2025-08-19 16:59:01,925 - INFO - [API] API: http://localhost:8006/api/v1
2025-08-19 16:59:01,934 - INFO - Измерение: 4.7 mmol/L (сохранено локально)
2025-08-19 16:59:01,937 - INFO - Нет соединения с сервером
2025-08-19 16:59:01,937 - INFO - [WAIT] Ожидание 2 минут до следующего измерения...
2025-08-19 16:59:02,141 - INFO - Получен сигнал остановки
2025-08-19 16:59:02,142 - INFO - Состояние сохранено
